<?xml version="1.0" encoding="UTF-8"?>
<testsuite xmlns:xsi="http://www.w3.org/2001/XMLSchema-instance" xsi:noNamespaceSchemaLocation="https://maven.apache.org/surefire/maven-surefire-plugin/xsd/surefire-test-report-3.0.xsd" version="3.0" name="com.example.stackoverflow.StackOverflowFunctionalTest" time="28.442" tests="6" errors="0" skipped="0" failures="0">
  <properties>
[...]
</properties>
  <testcase name="newestQuestionsPageShowsQuestionListAndNavigation" classname="com.example.stackoverflow.StackOverflowFunctionalTest" time="2.223"/>
  <testcase name="visitorSearchesQuestionsByTextQuery" classname="com.example.stackoverflow.StackOverflowFunctionalTest" time="1.77"/>
  <testcase name="visitorOpensPopularTagPage" classname="com.example.stackoverflow.StackOverflowFunctionalTest" time="2.092"/>
  <testcase name="visitorSwitchesQuestionsToActiveSorting" classname="com.example.stackoverflow.StackOverflowFunctionalTest" time="1.556"/>
  <testcase name="anonymousVisitorIsRedirectedToLoginWhenAskingQuestion" classname="com.example.stackoverflow.StackOverflowFunctionalTest" time="1.692"/>
  <testcase name="visitorOpensQuestionAndSeesContent" classname="com.example.stackoverflow.StackOverflowFunctionalTest" time="15.376">
    <system-out><![CDATA[Stack Overflow opened an anti-bot verification page. Complete it manually in the browser window; waiting up to 180 seconds.
]]></system-out>
  </testcase>
</testsuite>